2026-06-17 11:29:03,533 - INFO - ========== Ingestion Complete ==========
2026-06-17 11:29:03,534 - INFO - Total Time Taken: 0.00 minutes
2026-06-17 11:29:03,534 - INFO - Data ingestion completed successfully!
2026-06-17 11:30:15,269 - INFO - Started processing begin_inventory.csv
2026-06-17 11:30:17,421 - INFO - begin_inventory.csv: Chunk 1 inserted successfully
2026-06-17 11:30:19,076 - INFO - begin_inventory.csv: Chunk 2 inserted successfully
2026-06-17 11:30:19,237 - INFO - begin_inventory.csv: Chunk 3 inserted successfully
2026-06-17 11:30:19,238 - INFO - Finished processing begin_inventory.csv
2026-06-17 11:30:19,238 - INFO - Started processing end_inventory.csv
2026-06-17 11:30:21,209 - INFO - end_inventory.csv: Chunk 1 inserted successfully
2026-06-17 11:30:22,953 - INFO - end_inventory.csv: Chunk 2 inserted successfully
2026-06-17 11:30:23,452 - INFO - end_inventory.csv: Chunk 3 inserted successfully
2026-06-17 11:30:23,453 - INFO - Finished processing end_inventory.csv
2026-06-17 11:30:23,453 - INFO - Started processing purchases.csv
2026-06-17 11:30:29,069 - INFO - purchases.csv: Chunk 1 inserted successfully
2026-06-17 11:30:31,985 - INFO - purchases.csv: Chunk 2 inserted successfully
2026-06-17 11:30:34,903 - INFO - purchases.csv: Chunk 3 inserted successfully
2026-06-17 11:30:37,841 - INFO - purchases.csv: Chunk 4 inserted successfully
2026-06-17 11:30:40,704 - INFO - purchases.csv: Chunk 5 inserted successfully
2026-06-17 11:30:43,518 - INFO - purchases.csv: Chunk 6 inserted successfully
2026-06-17 11:30:46,394 - INFO - purchases.csv: Chunk 7 inserted successfully
2026-06-17 11:30:49,268 - INFO - purchases.csv: Chunk 8 inserted successfully
2026-06-17 11:30:52,122 - INFO - purchases.csv: Chunk 9 inserted successfully
2026-06-17 11:30:55,072 - INFO - purchases.csv: Chunk 10 inserted successfully
2026-06-17 11:30:57,801 - INFO - purchases.csv: Chunk 11 inserted successfully
2026-06-17 11:31:00,654 - INFO - purchases.csv: Chunk 12 inserted successfully
2026-06-17 11:31:03,417 - INFO - purchases.csv: Chunk 13 inserted successfully
2026-06-17 11:31:06,331 - INFO - purchases.csv: Chunk 14 inserted successfully
2026-06-17 11:31:09,294 - INFO - purchases.csv: Chunk 15 inserted successfully
2026-06-17 11:31:12,265 - INFO - purchases.csv: Chunk 16 inserted successfully
2026-06-17 11:31:15,141 - INFO - purchases.csv: Chunk 17 inserted successfully
2026-06-17 11:31:17,986 - INFO - purchases.csv: Chunk 18 inserted successfully
2026-06-17 11:31:20,920 - INFO - purchases.csv: Chunk 19 inserted successfully
2026-06-17 11:31:23,840 - INFO - purchases.csv: Chunk 20 inserted successfully
2026-06-17 11:31:26,719 - INFO - purchases.csv: Chunk 21 inserted successfully
2026-06-17 11:31:29,558 - INFO - purchases.csv: Chunk 22 inserted successfully
2026-06-17 11:31:32,440 - INFO - purchases.csv: Chunk 23 inserted successfully
2026-06-17 11:31:34,531 - INFO - purchases.csv: Chunk 24 inserted successfully
2026-06-17 11:31:34,533 - INFO - Finished processing purchases.csv
2026-06-17 11:31:34,533 - INFO - Started processing purchase_prices.csv
2026-06-17 11:31:34,840 - INFO - purchase_prices.csv: Chunk 1 inserted successfully
2026-06-17 11:31:34,840 - INFO - Finished processing purchase_prices.csv
2026-06-17 11:31:34,841 - INFO - Started processing sales.csv
2026-06-17 11:31:40,335 - INFO - sales.csv: Chunk 1 inserted successfully
2026-06-17 11:31:42,992 - INFO - sales.csv: Chunk 2 inserted successfully
2026-06-17 11:31:45,411 - INFO - sales.csv: Chunk 3 inserted successfully
2026-06-17 11:31:48,065 - INFO - sales.csv: Chunk 4 inserted successfully
2026-06-17 11:31:50,592 - INFO - sales.csv: Chunk 5 inserted successfully
2026-06-17 11:31:53,963 - INFO - sales.csv: Chunk 6 inserted successfully
2026-06-17 11:31:57,374 - INFO - sales.csv: Chunk 7 inserted successfully
2026-06-17 11:32:00,885 - INFO - sales.csv: Chunk 8 inserted successfully
2026-06-17 11:32:04,071 - INFO - sales.csv: Chunk 9 inserted successfully
2026-06-17 11:32:06,892 - INFO - sales.csv: Chunk 10 inserted successfully
2026-06-17 11:32:09,776 - INFO - sales.csv: Chunk 11 inserted successfully
2026-06-17 11:32:12,864 - INFO - sales.csv: Chunk 12 inserted successfully
2026-06-17 11:32:15,590 - INFO - sales.csv: Chunk 13 inserted successfully
2026-06-17 11:32:18,595 - INFO - sales.csv: Chunk 14 inserted successfully
2026-06-17 11:32:21,911 - INFO - sales.csv: Chunk 15 inserted successfully
2026-06-17 11:32:24,750 - INFO - sales.csv: Chunk 16 inserted successfully
2026-06-17 11:32:27,602 - INFO - sales.csv: Chunk 17 inserted successfully
2026-06-17 11:32:30,536 - INFO - sales.csv: Chunk 18 inserted successfully
2026-06-17 11:32:33,428 - INFO - sales.csv: Chunk 19 inserted successfully
2026-06-17 11:32:36,372 - INFO - sales.csv: Chunk 20 inserted successfully
2026-06-17 11:32:39,321 - INFO - sales.csv: Chunk 21 inserted successfully
2026-06-17 11:32:42,903 - INFO - sales.csv: Chunk 22 inserted successfully
2026-06-17 11:32:46,871 - INFO - sales.csv: Chunk 23 inserted successfully
2026-06-17 11:32:50,299 - INFO - sales.csv: Chunk 24 inserted successfully
2026-06-17 11:32:53,690 - INFO - sales.csv: Chunk 25 inserted successfully
2026-06-17 11:32:57,155 - INFO - sales.csv: Chunk 26 inserted successfully
2026-06-17 11:33:00,471 - INFO - sales.csv: Chunk 27 inserted successfully
2026-06-17 11:33:03,937 - INFO - sales.csv: Chunk 28 inserted successfully
2026-06-17 11:33:07,515 - INFO - sales.csv: Chunk 29 inserted successfully
2026-06-17 11:33:11,023 - INFO - sales.csv: Chunk 30 inserted successfully
2026-06-17 11:33:14,390 - INFO - sales.csv: Chunk 31 inserted successfully
2026-06-17 11:33:17,322 - INFO - sales.csv: Chunk 32 inserted successfully
2026-06-17 11:33:20,037 - INFO - sales.csv: Chunk 33 inserted successfully
2026-06-17 11:33:23,187 - INFO - sales.csv: Chunk 34 inserted successfully
2026-06-17 11:33:26,623 - INFO - sales.csv: Chunk 35 inserted successfully
2026-06-17 11:33:29,422 - INFO - sales.csv: Chunk 36 inserted successfully
2026-06-17 11:33:32,531 - INFO - sales.csv: Chunk 37 inserted successfully
2026-06-17 11:33:35,860 - INFO - sales.csv: Chunk 38 inserted successfully
2026-06-17 11:33:39,127 - INFO - sales.csv: Chunk 39 inserted successfully
2026-06-17 11:33:42,006 - INFO - sales.csv: Chunk 40 inserted successfully
2026-06-17 11:33:45,540 - INFO - sales.csv: Chunk 41 inserted successfully
2026-06-17 11:33:48,943 - INFO - sales.csv: Chunk 42 inserted successfully
2026-06-17 11:33:52,770 - INFO - sales.csv: Chunk 43 inserted successfully
2026-06-17 11:33:56,812 - INFO - sales.csv: Chunk 44 inserted successfully
2026-06-17 11:34:00,126 - INFO - sales.csv: Chunk 45 inserted successfully
2026-06-17 11:34:03,364 - INFO - sales.csv: Chunk 46 inserted successfully
2026-06-17 11:34:05,971 - INFO - sales.csv: Chunk 47 inserted successfully
2026-06-17 11:34:08,611 - INFO - sales.csv: Chunk 48 inserted successfully
2026-06-17 11:34:11,347 - INFO - sales.csv: Chunk 49 inserted successfully
2026-06-17 11:34:13,950 - INFO - sales.csv: Chunk 50 inserted successfully
2026-06-17 11:34:16,617 - INFO - sales.csv: Chunk 51 inserted successfully
2026-06-17 11:34:19,329 - INFO - sales.csv: Chunk 52 inserted successfully
2026-06-17 11:34:21,877 - INFO - sales.csv: Chunk 53 inserted successfully
2026-06-17 11:34:24,504 - INFO - sales.csv: Chunk 54 inserted successfully
2026-06-17 11:34:27,202 - INFO - sales.csv: Chunk 55 inserted successfully
2026-06-17 11:34:30,032 - INFO - sales.csv: Chunk 56 inserted successfully
2026-06-17 11:34:32,786 - INFO - sales.csv: Chunk 57 inserted successfully
2026-06-17 11:34:35,546 - INFO - sales.csv: Chunk 58 inserted successfully
2026-06-17 11:34:38,063 - INFO - sales.csv: Chunk 59 inserted successfully
2026-06-17 11:34:40,662 - INFO - sales.csv: Chunk 60 inserted successfully
2026-06-17 11:34:43,144 - INFO - sales.csv: Chunk 61 inserted successfully
2026-06-17 11:34:45,755 - INFO - sales.csv: Chunk 62 inserted successfully
2026-06-17 11:34:48,397 - INFO - sales.csv: Chunk 63 inserted successfully
2026-06-17 11:34:50,901 - INFO - sales.csv: Chunk 64 inserted successfully
2026-06-17 11:34:53,415 - INFO - sales.csv: Chunk 65 inserted successfully
2026-06-17 11:34:55,991 - INFO - sales.csv: Chunk 66 inserted successfully
2026-06-17 11:34:58,570 - INFO - sales.csv: Chunk 67 inserted successfully
2026-06-17 11:35:01,127 - INFO - sales.csv: Chunk 68 inserted successfully
2026-06-17 11:35:03,762 - INFO - sales.csv: Chunk 69 inserted successfully
2026-06-17 11:35:06,328 - INFO - sales.csv: Chunk 70 inserted successfully
2026-06-17 11:35:08,902 - INFO - sales.csv: Chunk 71 inserted successfully
2026-06-17 11:35:11,514 - INFO - sales.csv: Chunk 72 inserted successfully
2026-06-17 11:35:14,052 - INFO - sales.csv: Chunk 73 inserted successfully
2026-06-17 11:35:16,570 - INFO - sales.csv: Chunk 74 inserted successfully
2026-06-17 11:35:19,252 - INFO - sales.csv: Chunk 75 inserted successfully
2026-06-17 11:35:21,818 - INFO - sales.csv: Chunk 76 inserted successfully
2026-06-17 11:35:24,396 - INFO - sales.csv: Chunk 77 inserted successfully
2026-06-17 11:35:26,964 - INFO - sales.csv: Chunk 78 inserted successfully
2026-06-17 11:35:29,644 - INFO - sales.csv: Chunk 79 inserted successfully
2026-06-17 11:35:32,144 - INFO - sales.csv: Chunk 80 inserted successfully
2026-06-17 11:35:34,798 - INFO - sales.csv: Chunk 81 inserted successfully
2026-06-17 11:35:37,506 - INFO - sales.csv: Chunk 82 inserted successfully
2026-06-17 11:35:39,981 - INFO - sales.csv: Chunk 83 inserted successfully
2026-06-17 11:35:42,511 - INFO - sales.csv: Chunk 84 inserted successfully
2026-06-17 11:35:45,226 - INFO - sales.csv: Chunk 85 inserted successfully
2026-06-17 11:35:47,822 - INFO - sales.csv: Chunk 86 inserted successfully
2026-06-17 11:35:50,373 - INFO - sales.csv: Chunk 87 inserted successfully
2026-06-17 11:35:52,983 - INFO - sales.csv: Chunk 88 inserted successfully
2026-06-17 11:35:55,619 - INFO - sales.csv: Chunk 89 inserted successfully
2026-06-17 11:35:58,133 - INFO - sales.csv: Chunk 90 inserted successfully
2026-06-17 11:36:00,785 - INFO - sales.csv: Chunk 91 inserted successfully
2026-06-17 11:36:03,485 - INFO - sales.csv: Chunk 92 inserted successfully
2026-06-17 11:36:05,984 - INFO - sales.csv: Chunk 93 inserted successfully
2026-06-17 11:36:08,631 - INFO - sales.csv: Chunk 94 inserted successfully
2026-06-17 11:36:11,189 - INFO - sales.csv: Chunk 95 inserted successfully
2026-06-17 11:36:13,769 - INFO - sales.csv: Chunk 96 inserted successfully
2026-06-17 11:36:16,314 - INFO - sales.csv: Chunk 97 inserted successfully
2026-06-17 11:36:18,861 - INFO - sales.csv: Chunk 98 inserted successfully
2026-06-17 11:36:21,547 - INFO - sales.csv: Chunk 99 inserted successfully
2026-06-17 11:36:24,151 - INFO - sales.csv: Chunk 100 inserted successfully
2026-06-17 11:36:26,654 - INFO - sales.csv: Chunk 101 inserted successfully
2026-06-17 11:36:29,258 - INFO - sales.csv: Chunk 102 inserted successfully
2026-06-17 11:36:31,987 - INFO - sales.csv: Chunk 103 inserted successfully
2026-06-17 11:36:34,527 - INFO - sales.csv: Chunk 104 inserted successfully
2026-06-17 11:36:37,214 - INFO - sales.csv: Chunk 105 inserted successfully
2026-06-17 11:36:39,779 - INFO - sales.csv: Chunk 106 inserted successfully
2026-06-17 11:36:42,369 - INFO - sales.csv: Chunk 107 inserted successfully
2026-06-17 11:36:44,922 - INFO - sales.csv: Chunk 108 inserted successfully
2026-06-17 11:36:47,531 - INFO - sales.csv: Chunk 109 inserted successfully
2026-06-17 11:36:50,284 - INFO - sales.csv: Chunk 110 inserted successfully
2026-06-17 11:36:52,833 - INFO - sales.csv: Chunk 111 inserted successfully
2026-06-17 11:36:55,427 - INFO - sales.csv: Chunk 112 inserted successfully
2026-06-17 11:36:58,065 - INFO - sales.csv: Chunk 113 inserted successfully
2026-06-17 11:37:00,646 - INFO - sales.csv: Chunk 114 inserted successfully
2026-06-17 11:37:03,204 - INFO - sales.csv: Chunk 115 inserted successfully
2026-06-17 11:37:05,830 - INFO - sales.csv: Chunk 116 inserted successfully
2026-06-17 11:37:08,804 - INFO - sales.csv: Chunk 117 inserted successfully
2026-06-17 11:37:11,358 - INFO - sales.csv: Chunk 118 inserted successfully
2026-06-17 11:37:13,914 - INFO - sales.csv: Chunk 119 inserted successfully
2026-06-17 11:37:16,585 - INFO - sales.csv: Chunk 120 inserted successfully
2026-06-17 11:37:19,102 - INFO - sales.csv: Chunk 121 inserted successfully
2026-06-17 11:37:21,729 - INFO - sales.csv: Chunk 122 inserted successfully
2026-06-17 11:37:24,428 - INFO - sales.csv: Chunk 123 inserted successfully
2026-06-17 11:37:26,966 - INFO - sales.csv: Chunk 124 inserted successfully
2026-06-17 11:37:29,593 - INFO - sales.csv: Chunk 125 inserted successfully
2026-06-17 11:37:32,150 - INFO - sales.csv: Chunk 126 inserted successfully
2026-06-17 11:37:34,767 - INFO - sales.csv: Chunk 127 inserted successfully
2026-06-17 11:37:37,367 - INFO - sales.csv: Chunk 128 inserted successfully
2026-06-17 11:37:38,046 - INFO - sales.csv: Chunk 129 inserted successfully
2026-06-17 11:37:38,047 - INFO - Finished processing sales.csv
2026-06-17 11:37:38,048 - INFO - Started processing vendor_invoice.csv
2026-06-17 11:37:38,208 - INFO - vendor_invoice.csv: Chunk 1 inserted successfully
2026-06-17 11:37:38,209 - INFO - Finished processing vendor_invoice.csv
2026-06-17 11:37:38,209 - INFO - ========== Ingestion Complete ==========
2026-06-17 11:37:38,210 - INFO - Total Time Taken: 7.38 minutes
2026-06-17 16:31:17,220 - DEBUG - Using selector: SelectSelector
2026-06-17 16:31:17,239 - ERROR - No such comm target registered: jupyter.widget.control
2026-06-17 16:31:17,294 - WARNING - No such comm: 72122f0e-7b0c-409a-940b-48b38ff2d263
2026-06-17 16:31:17,294 - DEBUG - Current comms: []
2026-06-17 16:33:52,939 - DEBUG - Using selector: SelectSelector
2026-06-17 16:33:52,977 - ERROR - No such comm target registered: jupyter.widget.control
2026-06-17 16:33:52,990 - WARNING - No such comm: 6f39115b-02b6-40f7-852a-ecf646789f6a
2026-06-17 16:33:52,990 - DEBUG - Current comms: []
2026-06-19 19:06:59,380 - INFO - ========== Ingestion Complete ==========
2026-06-19 19:06:59,382 - INFO - Total Time Taken: 0.00 minutes
2026-06-19 19:06:59,382 - INFO - Data ingestion completed successfully!
2026-06-19 19:10:43,015 - INFO - Creating Vendor Summary Table.........
2026-06-19 19:12:44,667 - INFO -    VendorNumber                   VendorName  Brand              Description  \
0          1128  BROWN-FORMAN CORP             1233  Jack Daniels No 7 Black   
1          4425        MARTIGNETTI COMPANIES   3405    Tito's Handmade Vodka   
2         17035  PERNOD RICARD USA             8068         Absolut 80 Proof   
3          3960  DIAGEO NORTH AMERICA INC      4261   Capt Morgan Spiced Rum   
4          3960  DIAGEO NORTH AMERICA INC      3545          Ketel One Vodka   

   PurchasePrice  ActualPrice Volume  TotalPurchaseQuantity  \
0          26.27        36.99   1750                 145080   
1          23.19        28.99   1750                 164038   
2          18.24        24.99   1750                 187407   
3          16.17        22.99   1750                 201682   
4          21.89        29.99   1750                 138109   

   TotalPurchaseDollars  TotalSalesQuantity  TotalSalesDollars  \
0            3811251.60            142049.0         5101919.51   
1            3804041.22            160247.0         4819073.49   
2            3418303.68            187140.0         4538120.60   
3            3261197.94            200412.0         4475972.88   
4            3023206.01            135838.0         4223107.62   

   TotalSalesPrice  TotalExciseTax  FreightCost  
0        672819.31       260999.20     68601.68  
1        561512.37       294438.66    144929.24  
2        461140.15       343854.07    123780.22  
3        420050.01       368242.80    257032.07  
4        545778.28       249587.83    257032.07  
2026-06-19 19:12:44,709 - INFO - Cleaning Data.........
2026-06-19 19:12:44,803 - INFO -    VendorNumber                VendorName  Brand              Description  \
0          1128         BROWN-FORMAN CORP   1233  Jack Daniels No 7 Black   
1          4425     MARTIGNETTI COMPANIES   3405    Tito's Handmade Vodka   
2         17035         PERNOD RICARD USA   8068         Absolut 80 Proof   
3          3960  DIAGEO NORTH AMERICA INC   4261   Capt Morgan Spiced Rum   
4          3960  DIAGEO NORTH AMERICA INC   3545          Ketel One Vodka   

   PurchasePrice  ActualPrice  Volume  TotalPurchaseQuantity  \
0          26.27        36.99  1750.0                 145080   
1          23.19        28.99  1750.0                 164038   
2          18.24        24.99  1750.0                 187407   
3          16.17        22.99  1750.0                 201682   
4          21.89        29.99  1750.0                 138109   

   TotalPurchaseDollars  TotalSalesQuantity  TotalSalesDollars  \
0            3811251.60            142049.0         5101919.51   
1            3804041.22            160247.0         4819073.49   
2            3418303.68            187140.0         4538120.60   
3            3261197.94            200412.0         4475972.88   
4            3023206.01            135838.0         4223107.62   

   TotalSalesPrice  TotalExciseTax  FreightCost  GrossProfit  ProfitMargin  \
0        672819.31       260999.20     68601.68   1290667.91     25.297693   
1        561512.37       294438.66    144929.24   1015032.27     21.062810   
2        461140.15       343854.07    123780.22   1119816.92     24.675786   
3        420050.01       368242.80    257032.07   1214774.94     27.139908   
4        545778.28       249587.83    257032.07   1199901.61     28.412764   

   StockTurnover  SalestoPurchaseRatio  
0       0.979108              1.338647  
1       0.976890              1.266830  
2       0.998575              1.327594  
3       0.993703              1.372493  
4       0.983556              1.396897  
2026-06-19 19:12:44,812 - INFO - Ingesting data.......
2026-06-19 19:12:44,931 - INFO - Completed
2026-06-19 19:12:44,952 - INFO - Creating Vendor Summary Table.........
2026-06-19 19:14:21,386 - INFO -    VendorNumber                   VendorName  Brand              Description  \
0          1128  BROWN-FORMAN CORP             1233  Jack Daniels No 7 Black   
1          4425        MARTIGNETTI COMPANIES   3405    Tito's Handmade Vodka   
2         17035  PERNOD RICARD USA             8068         Absolut 80 Proof   
3          3960  DIAGEO NORTH AMERICA INC      4261   Capt Morgan Spiced Rum   
4          3960  DIAGEO NORTH AMERICA INC      3545          Ketel One Vodka   

   PurchasePrice  ActualPrice Volume  TotalPurchaseQuantity  \
0          26.27        36.99   1750                 145080   
1          23.19        28.99   1750                 164038   
2          18.24        24.99   1750                 187407   
3          16.17        22.99   1750                 201682   
4          21.89        29.99   1750                 138109   

   TotalPurchaseDollars  TotalSalesQuantity  TotalSalesDollars  \
0            3811251.60            142049.0         5101919.51   
1            3804041.22            160247.0         4819073.49   
2            3418303.68            187140.0         4538120.60   
3            3261197.94            200412.0         4475972.88   
4            3023206.01            135838.0         4223107.62   

   TotalSalesPrice  TotalExciseTax  FreightCost  
0        672819.31       260999.20     68601.68  
1        561512.37       294438.66    144929.24  
2        461140.15       343854.07    123780.22  
3        420050.01       368242.80    257032.07  
4        545778.28       249587.83    257032.07  
2026-06-19 19:14:21,396 - INFO - Cleaning Data.........
2026-06-19 19:14:21,419 - INFO -    VendorNumber                VendorName  Brand              Description  \
0          1128         BROWN-FORMAN CORP   1233  Jack Daniels No 7 Black   
1          4425     MARTIGNETTI COMPANIES   3405    Tito's Handmade Vodka   
2         17035         PERNOD RICARD USA   8068         Absolut 80 Proof   
3          3960  DIAGEO NORTH AMERICA INC   4261   Capt Morgan Spiced Rum   
4          3960  DIAGEO NORTH AMERICA INC   3545          Ketel One Vodka   

   PurchasePrice  ActualPrice  Volume  TotalPurchaseQuantity  \
0          26.27        36.99  1750.0                 145080   
1          23.19        28.99  1750.0                 164038   
2          18.24        24.99  1750.0                 187407   
3          16.17        22.99  1750.0                 201682   
4          21.89        29.99  1750.0                 138109   

   TotalPurchaseDollars  TotalSalesQuantity  TotalSalesDollars  \
0            3811251.60            142049.0         5101919.51   
1            3804041.22            160247.0         4819073.49   
2            3418303.68            187140.0         4538120.60   
3            3261197.94            200412.0         4475972.88   
4            3023206.01            135838.0         4223107.62   

   TotalSalesPrice  TotalExciseTax  FreightCost  GrossProfit  ProfitMargin  \
0        672819.31       260999.20     68601.68   1290667.91     25.297693   
1        561512.37       294438.66    144929.24   1015032.27     21.062810   
2        461140.15       343854.07    123780.22   1119816.92     24.675786   
3        420050.01       368242.80    257032.07   1214774.94     27.139908   
4        545778.28       249587.83    257032.07   1199901.61     28.412764   

   StockTurnover  SalestoPurchaseRatio  
0       0.979108              1.338647  
1       0.976890              1.266830  
2       0.998575              1.327594  
3       0.993703              1.372493  
4       0.983556              1.396897  
2026-06-19 19:14:21,430 - INFO - Ingesting data.......
2026-06-19 19:14:21,547 - INFO - Completed
2026-06-19 19:25:08,276 - INFO - Creating Vendor Summary Table.........
2026-06-19 19:26:52,376 - INFO -    VendorNumber                   VendorName  Brand              Description  \
0          1128  BROWN-FORMAN CORP             1233  Jack Daniels No 7 Black   
1          4425        MARTIGNETTI COMPANIES   3405    Tito's Handmade Vodka   
2         17035  PERNOD RICARD USA             8068         Absolut 80 Proof   
3          3960  DIAGEO NORTH AMERICA INC      4261   Capt Morgan Spiced Rum   
4          3960  DIAGEO NORTH AMERICA INC      3545          Ketel One Vodka   

   PurchasePrice  ActualPrice Volume  TotalPurchaseQuantity  \
0          26.27        36.99   1750                 145080   
1          23.19        28.99   1750                 164038   
2          18.24        24.99   1750                 187407   
3          16.17        22.99   1750                 201682   
4          21.89        29.99   1750                 138109   

   TotalPurchaseDollars  TotalSalesQuantity  TotalSalesDollars  \
0            3811251.60            142049.0         5101919.51   
1            3804041.22            160247.0         4819073.49   
2            3418303.68            187140.0         4538120.60   
3            3261197.94            200412.0         4475972.88   
4            3023206.01            135838.0         4223107.62   

   TotalSalesPrice  TotalExciseTax  FreightCost  
0        672819.31       260999.20     68601.68  
1        561512.37       294438.66    144929.24  
2        461140.15       343854.07    123780.22  
3        420050.01       368242.80    257032.07  
4        545778.28       249587.83    257032.07  
2026-06-19 19:26:52,416 - INFO - Cleaning Data.........
2026-06-19 19:26:52,484 - INFO -    VendorNumber                VendorName  Brand              Description  \
0          1128         BROWN-FORMAN CORP   1233  Jack Daniels No 7 Black   
1          4425     MARTIGNETTI COMPANIES   3405    Tito's Handmade Vodka   
2         17035         PERNOD RICARD USA   8068         Absolut 80 Proof   
3          3960  DIAGEO NORTH AMERICA INC   4261   Capt Morgan Spiced Rum   
4          3960  DIAGEO NORTH AMERICA INC   3545          Ketel One Vodka   

   PurchasePrice  ActualPrice  Volume  TotalPurchaseQuantity  \
0          26.27        36.99  1750.0                 145080   
1          23.19        28.99  1750.0                 164038   
2          18.24        24.99  1750.0                 187407   
3          16.17        22.99  1750.0                 201682   
4          21.89        29.99  1750.0                 138109   

   TotalPurchaseDollars  TotalSalesQuantity  TotalSalesDollars  \
0            3811251.60            142049.0         5101919.51   
1            3804041.22            160247.0         4819073.49   
2            3418303.68            187140.0         4538120.60   
3            3261197.94            200412.0         4475972.88   
4            3023206.01            135838.0         4223107.62   

   TotalSalesPrice  TotalExciseTax  FreightCost  GrossProfit  ProfitMargin  \
0        672819.31       260999.20     68601.68   1290667.91     25.297693   
1        561512.37       294438.66    144929.24   1015032.27     21.062810   
2        461140.15       343854.07    123780.22   1119816.92     24.675786   
3        420050.01       368242.80    257032.07   1214774.94     27.139908   
4        545778.28       249587.83    257032.07   1199901.61     28.412764   

   StockTurnover  SalestoPurchaseRatio  
0       0.979108              1.338647  
1       0.976890              1.266830  
2       0.998575              1.327594  
3       0.993703              1.372493  
4       0.983556              1.396897  
2026-06-19 19:26:52,495 - INFO - Ingesting data.......
2026-06-19 19:26:52,614 - INFO - Completed
2026-06-19 19:41:57,744 - INFO - Creating Vendor Summary Table.........
2026-06-19 19:43:40,280 - INFO -    VendorNumber                   VendorName  Brand              Description  \
0          1128  BROWN-FORMAN CORP             1233  Jack Daniels No 7 Black   
1          4425        MARTIGNETTI COMPANIES   3405    Tito's Handmade Vodka   
2         17035  PERNOD RICARD USA             8068         Absolut 80 Proof   
3          3960  DIAGEO NORTH AMERICA INC      4261   Capt Morgan Spiced Rum   
4          3960  DIAGEO NORTH AMERICA INC      3545          Ketel One Vodka   

   PurchasePrice  ActualPrice Volume  TotalPurchaseQuantity  \
0          26.27        36.99   1750                 145080   
1          23.19        28.99   1750                 164038   
2          18.24        24.99   1750                 187407   
3          16.17        22.99   1750                 201682   
4          21.89        29.99   1750                 138109   

   TotalPurchaseDollars  TotalSalesQuantity  TotalSalesDollars  \
0            3811251.60            142049.0         5101919.51   
1            3804041.22            160247.0         4819073.49   
2            3418303.68            187140.0         4538120.60   
3            3261197.94            200412.0         4475972.88   
4            3023206.01            135838.0         4223107.62   

   TotalSalesPrice  TotalExciseTax  FreightCost  
0        672819.31       260999.20     68601.68  
1        561512.37       294438.66    144929.24  
2        461140.15       343854.07    123780.22  
3        420050.01       368242.80    257032.07  
4        545778.28       249587.83    257032.07  
2026-06-19 19:43:40,326 - INFO - Cleaning Data.........
2026-06-19 19:43:40,398 - INFO -    VendorNumber                VendorName  Brand              Description  \
0          1128         BROWN-FORMAN CORP   1233  Jack Daniels No 7 Black   
1          4425     MARTIGNETTI COMPANIES   3405    Tito's Handmade Vodka   
2         17035         PERNOD RICARD USA   8068         Absolut 80 Proof   
3          3960  DIAGEO NORTH AMERICA INC   4261   Capt Morgan Spiced Rum   
4          3960  DIAGEO NORTH AMERICA INC   3545          Ketel One Vodka   

   PurchasePrice  ActualPrice  Volume  TotalPurchaseQuantity  \
0          26.27        36.99  1750.0                 145080   
1          23.19        28.99  1750.0                 164038   
2          18.24        24.99  1750.0                 187407   
3          16.17        22.99  1750.0                 201682   
4          21.89        29.99  1750.0                 138109   

   TotalPurchaseDollars  TotalSalesQuantity  TotalSalesDollars  \
0            3811251.60            142049.0         5101919.51   
1            3804041.22            160247.0         4819073.49   
2            3418303.68            187140.0         4538120.60   
3            3261197.94            200412.0         4475972.88   
4            3023206.01            135838.0         4223107.62   

   TotalSalesPrice  TotalExciseTax  FreightCost  GrossProfit  ProfitMargin  \
0        672819.31       260999.20     68601.68   1290667.91     25.297693   
1        561512.37       294438.66    144929.24   1015032.27     21.062810   
2        461140.15       343854.07    123780.22   1119816.92     24.675786   
3        420050.01       368242.80    257032.07   1214774.94     27.139908   
4        545778.28       249587.83    257032.07   1199901.61     28.412764   

   StockTurnover  SalestoPurchaseRatio  
0       0.979108              1.338647  
1       0.976890              1.266830  
2       0.998575              1.327594  
3       0.993703              1.372493  
4       0.983556              1.396897  
2026-06-19 19:43:40,409 - INFO - Ingesting data.......
2026-06-19 19:43:40,547 - INFO - Completed
2026-06-19 19:53:37,879 - INFO - Creating Vendor Summary Table.........
2026-06-19 19:55:12,694 - INFO -    VendorNumber                   VendorName  Brand              Description  \
0          1128  BROWN-FORMAN CORP             1233  Jack Daniels No 7 Black   
1          4425        MARTIGNETTI COMPANIES   3405    Tito's Handmade Vodka   
2         17035  PERNOD RICARD USA             8068         Absolut 80 Proof   
3          3960  DIAGEO NORTH AMERICA INC      4261   Capt Morgan Spiced Rum   
4          3960  DIAGEO NORTH AMERICA INC      3545          Ketel One Vodka   

   PurchasePrice  ActualPrice Volume  TotalPurchaseQuantity  \
0          26.27        36.99   1750                 145080   
1          23.19        28.99   1750                 164038   
2          18.24        24.99   1750                 187407   
3          16.17        22.99   1750                 201682   
4          21.89        29.99   1750                 138109   

   TotalPurchaseDollars  TotalSalesQuantity  TotalSalesDollars  \
0            3811251.60            142049.0         5101919.51   
1            3804041.22            160247.0         4819073.49   
2            3418303.68            187140.0         4538120.60   
3            3261197.94            200412.0         4475972.88   
4            3023206.01            135838.0         4223107.62   

   TotalSalesPrice  TotalExciseTax  FreightCost  
0        672819.31       260999.20     68601.68  
1        561512.37       294438.66    144929.24  
2        461140.15       343854.07    123780.22  
3        420050.01       368242.80    257032.07  
4        545778.28       249587.83    257032.07  
2026-06-19 19:55:12,705 - INFO - Cleaning Data.........
2026-06-19 19:55:12,730 - INFO -    VendorNumber                VendorName  Brand              Description  \
0          1128         BROWN-FORMAN CORP   1233  Jack Daniels No 7 Black   
1          4425     MARTIGNETTI COMPANIES   3405    Tito's Handmade Vodka   
2         17035         PERNOD RICARD USA   8068         Absolut 80 Proof   
3          3960  DIAGEO NORTH AMERICA INC   4261   Capt Morgan Spiced Rum   
4          3960  DIAGEO NORTH AMERICA INC   3545          Ketel One Vodka   

   PurchasePrice  ActualPrice  Volume  TotalPurchaseQuantity  \
0          26.27        36.99  1750.0                 145080   
1          23.19        28.99  1750.0                 164038   
2          18.24        24.99  1750.0                 187407   
3          16.17        22.99  1750.0                 201682   
4          21.89        29.99  1750.0                 138109   

   TotalPurchaseDollars  TotalSalesQuantity  TotalSalesDollars  \
0            3811251.60            142049.0         5101919.51   
1            3804041.22            160247.0         4819073.49   
2            3418303.68            187140.0         4538120.60   
3            3261197.94            200412.0         4475972.88   
4            3023206.01            135838.0         4223107.62   

   TotalSalesPrice  TotalExciseTax  FreightCost  GrossProfit  ProfitMargin  \
0        672819.31       260999.20     68601.68   1290667.91     25.297693   
1        561512.37       294438.66    144929.24   1015032.27     21.062810   
2        461140.15       343854.07    123780.22   1119816.92     24.675786   
3        420050.01       368242.80    257032.07   1214774.94     27.139908   
4        545778.28       249587.83    257032.07   1199901.61     28.412764   

   StockTurnover  SalestoPurchaseRatio  
0       0.979108              1.338647  
1       0.976890              1.266830  
2       0.998575              1.327594  
3       0.993703              1.372493  
4       0.983556              1.396897  
2026-06-19 19:55:12,738 - INFO - Ingesting data.......
2026-06-19 19:55:12,833 - INFO - Completed
2026-06-19 20:09:28,872 - ERROR - No such comm target registered: jupyter.widget.control
2026-06-19 20:09:28,889 - DEBUG - Using selector: SelectSelector
2026-06-19 20:09:28,897 - WARNING - No such comm: e3704adc-8b38-427e-bc2d-f0a9f0f79314
2026-06-19 20:09:28,897 - DEBUG - Current comms: []
2026-06-19 20:12:34,068 - INFO - Creating Vendor Summary Table.........
2026-06-19 20:14:15,431 - INFO -    VendorNumber                   VendorName  Brand              Description  \
0          1128  BROWN-FORMAN CORP             1233  Jack Daniels No 7 Black   
1          4425        MARTIGNETTI COMPANIES   3405    Tito's Handmade Vodka   
2         17035  PERNOD RICARD USA             8068         Absolut 80 Proof   
3          3960  DIAGEO NORTH AMERICA INC      4261   Capt Morgan Spiced Rum   
4          3960  DIAGEO NORTH AMERICA INC      3545          Ketel One Vodka   

   PurchasePrice  ActualPrice Volume  TotalPurchaseQuantity  \
0          26.27        36.99   1750                 145080   
1          23.19        28.99   1750                 164038   
2          18.24        24.99   1750                 187407   
3          16.17        22.99   1750                 201682   
4          21.89        29.99   1750                 138109   

   TotalPurchaseDollars  TotalSalesQuantity  TotalSalesDollars  \
0            3811251.60            142049.0         5101919.51   
1            3804041.22            160247.0         4819073.49   
2            3418303.68            187140.0         4538120.60   
3            3261197.94            200412.0         4475972.88   
4            3023206.01            135838.0         4223107.62   

   TotalSalesPrice  TotalExciseTax  FreightCost  
0        672819.31       260999.20     68601.68  
1        561512.37       294438.66    144929.24  
2        461140.15       343854.07    123780.22  
3        420050.01       368242.80    257032.07  
4        545778.28       249587.83    257032.07  
2026-06-19 20:14:15,571 - INFO - Cleaning Data.........
2026-06-19 20:14:15,672 - INFO -    VendorNumber                VendorName  Brand              Description  \
0          1128         BROWN-FORMAN CORP   1233  Jack Daniels No 7 Black   
1          4425     MARTIGNETTI COMPANIES   3405    Tito's Handmade Vodka   
2         17035         PERNOD RICARD USA   8068         Absolut 80 Proof   
3          3960  DIAGEO NORTH AMERICA INC   4261   Capt Morgan Spiced Rum   
4          3960  DIAGEO NORTH AMERICA INC   3545          Ketel One Vodka   

   PurchasePrice  ActualPrice  Volume  TotalPurchaseQuantity  \
0          26.27        36.99  1750.0                 145080   
1          23.19        28.99  1750.0                 164038   
2          18.24        24.99  1750.0                 187407   
3          16.17        22.99  1750.0                 201682   
4          21.89        29.99  1750.0                 138109   

   TotalPurchaseDollars  TotalSalesQuantity  TotalSalesDollars  \
0            3811251.60            142049.0         5101919.51   
1            3804041.22            160247.0         4819073.49   
2            3418303.68            187140.0         4538120.60   
3            3261197.94            200412.0         4475972.88   
4            3023206.01            135838.0         4223107.62   

   TotalSalesPrice  TotalExciseTax  FreightCost  GrossProfit  ProfitMargin  \
0        672819.31       260999.20     68601.68   1290667.91     25.297693   
1        561512.37       294438.66    144929.24   1015032.27     21.062810   
2        461140.15       343854.07    123780.22   1119816.92     24.675786   
3        420050.01       368242.80    257032.07   1214774.94     27.139908   
4        545778.28       249587.83    257032.07   1199901.61     28.412764   

   StockTurnover  SalestoPurchaseRatio  
0       0.979108              1.338647  
1       0.976890              1.266830  
2       0.998575              1.327594  
3       0.993703              1.372493  
4       0.983556              1.396897  
2026-06-19 20:14:15,685 - INFO - Ingesting data.......
2026-06-19 20:14:15,955 - INFO - Completed
2026-06-19 20:14:16,080 - INFO - Creating Vendor Summary Table.........
2026-06-19 20:15:57,607 - INFO -    VendorNumber                   VendorName  Brand              Description  \
0          1128  BROWN-FORMAN CORP             1233  Jack Daniels No 7 Black   
1          4425        MARTIGNETTI COMPANIES   3405    Tito's Handmade Vodka   
2         17035  PERNOD RICARD USA             8068         Absolut 80 Proof   
3          3960  DIAGEO NORTH AMERICA INC      4261   Capt Morgan Spiced Rum   
4          3960  DIAGEO NORTH AMERICA INC      3545          Ketel One Vodka   

   PurchasePrice  ActualPrice Volume  TotalPurchaseQuantity  \
0          26.27        36.99   1750                 145080   
1          23.19        28.99   1750                 164038   
2          18.24        24.99   1750                 187407   
3          16.17        22.99   1750                 201682   
4          21.89        29.99   1750                 138109   

   TotalPurchaseDollars  TotalSalesQuantity  TotalSalesDollars  \
0            3811251.60            142049.0         5101919.51   
1            3804041.22            160247.0         4819073.49   
2            3418303.68            187140.0         4538120.60   
3            3261197.94            200412.0         4475972.88   
4            3023206.01            135838.0         4223107.62   

   TotalSalesPrice  TotalExciseTax  FreightCost  
0        672819.31       260999.20     68601.68  
1        561512.37       294438.66    144929.24  
2        461140.15       343854.07    123780.22  
3        420050.01       368242.80    257032.07  
4        545778.28       249587.83    257032.07  
2026-06-19 20:15:57,618 - INFO - Cleaning Data.........
2026-06-19 20:15:57,651 - INFO -    VendorNumber                VendorName  Brand              Description  \
0          1128         BROWN-FORMAN CORP   1233  Jack Daniels No 7 Black   
1          4425     MARTIGNETTI COMPANIES   3405    Tito's Handmade Vodka   
2         17035         PERNOD RICARD USA   8068         Absolut 80 Proof   
3          3960  DIAGEO NORTH AMERICA INC   4261   Capt Morgan Spiced Rum   
4          3960  DIAGEO NORTH AMERICA INC   3545          Ketel One Vodka   

   PurchasePrice  ActualPrice  Volume  TotalPurchaseQuantity  \
0          26.27        36.99  1750.0                 145080   
1          23.19        28.99  1750.0                 164038   
2          18.24        24.99  1750.0                 187407   
3          16.17        22.99  1750.0                 201682   
4          21.89        29.99  1750.0                 138109   

   TotalPurchaseDollars  TotalSalesQuantity  TotalSalesDollars  \
0            3811251.60            142049.0         5101919.51   
1            3804041.22            160247.0         4819073.49   
2            3418303.68            187140.0         4538120.60   
3            3261197.94            200412.0         4475972.88   
4            3023206.01            135838.0         4223107.62   

   TotalSalesPrice  TotalExciseTax  FreightCost  GrossProfit  ProfitMargin  \
0        672819.31       260999.20     68601.68   1290667.91     25.297693   
1        561512.37       294438.66    144929.24   1015032.27     21.062810   
2        461140.15       343854.07    123780.22   1119816.92     24.675786   
3        420050.01       368242.80    257032.07   1214774.94     27.139908   
4        545778.28       249587.83    257032.07   1199901.61     28.412764   

   StockTurnover  SalestoPurchaseRatio  
0       0.979108              1.338647  
1       0.976890              1.266830  
2       0.998575              1.327594  
3       0.993703              1.372493  
4       0.983556              1.396897  
2026-06-19 20:15:57,662 - INFO - Ingesting data.......
2026-06-19 20:15:58,586 - INFO - Completed
2026-06-19 20:19:55,619 - INFO - Creating Vendor Summary Table.........
2026-06-19 20:21:34,602 - INFO -    VendorNumber                   VendorName  Brand              Description  \
0          1128  BROWN-FORMAN CORP             1233  Jack Daniels No 7 Black   
1          4425        MARTIGNETTI COMPANIES   3405    Tito's Handmade Vodka   
2         17035  PERNOD RICARD USA             8068         Absolut 80 Proof   
3          3960  DIAGEO NORTH AMERICA INC      4261   Capt Morgan Spiced Rum   
4          3960  DIAGEO NORTH AMERICA INC      3545          Ketel One Vodka   

   PurchasePrice  ActualPrice Volume  TotalPurchaseQuantity  \
0          26.27        36.99   1750                 145080   
1          23.19        28.99   1750                 164038   
2          18.24        24.99   1750                 187407   
3          16.17        22.99   1750                 201682   
4          21.89        29.99   1750                 138109   

   TotalPurchaseDollars  TotalSalesQuantity  TotalSalesDollars  \
0            3811251.60            142049.0         5101919.51   
1            3804041.22            160247.0         4819073.49   
2            3418303.68            187140.0         4538120.60   
3            3261197.94            200412.0         4475972.88   
4            3023206.01            135838.0         4223107.62   

   TotalSalesPrice  TotalExciseTax  FreightCost  
0        672819.31       260999.20     68601.68  
1        561512.37       294438.66    144929.24  
2        461140.15       343854.07    123780.22  
3        420050.01       368242.80    257032.07  
4        545778.28       249587.83    257032.07  
2026-06-19 20:21:34,611 - INFO - Cleaning Data.........
2026-06-19 20:21:34,638 - INFO -    VendorNumber                VendorName  Brand              Description  \
0          1128         BROWN-FORMAN CORP   1233  Jack Daniels No 7 Black   
1          4425     MARTIGNETTI COMPANIES   3405    Tito's Handmade Vodka   
2         17035         PERNOD RICARD USA   8068         Absolut 80 Proof   
3          3960  DIAGEO NORTH AMERICA INC   4261   Capt Morgan Spiced Rum   
4          3960  DIAGEO NORTH AMERICA INC   3545          Ketel One Vodka   

   PurchasePrice  ActualPrice  Volume  TotalPurchaseQuantity  \
0          26.27        36.99  1750.0                 145080   
1          23.19        28.99  1750.0                 164038   
2          18.24        24.99  1750.0                 187407   
3          16.17        22.99  1750.0                 201682   
4          21.89        29.99  1750.0                 138109   

   TotalPurchaseDollars  TotalSalesQuantity  TotalSalesDollars  \
0            3811251.60            142049.0         5101919.51   
1            3804041.22            160247.0         4819073.49   
2            3418303.68            187140.0         4538120.60   
3            3261197.94            200412.0         4475972.88   
4            3023206.01            135838.0         4223107.62   

   TotalSalesPrice  TotalExciseTax  FreightCost  GrossProfit  ProfitMargin  \
0        672819.31       260999.20     68601.68   1290667.91     25.297693   
1        561512.37       294438.66    144929.24   1015032.27     21.062810   
2        461140.15       343854.07    123780.22   1119816.92     24.675786   
3        420050.01       368242.80    257032.07   1214774.94     27.139908   
4        545778.28       249587.83    257032.07   1199901.61     28.412764   

   StockTurnover  SalestoPurchaseRatio  
0       0.979108              1.338647  
1       0.976890              1.266830  
2       0.998575              1.327594  
3       0.993703              1.372493  
4       0.983556              1.396897  
2026-06-19 20:21:34,647 - INFO - Ingesting data.......
2026-06-19 20:21:34,790 - INFO - Completed
2026-06-19 20:35:44,278 - INFO - Creating Vendor Summary Table.........
2026-06-19 20:37:41,404 - INFO -    VendorNumber                   VendorName  Brand              Description  \
0          1128  BROWN-FORMAN CORP             1233  Jack Daniels No 7 Black   
1          4425        MARTIGNETTI COMPANIES   3405    Tito's Handmade Vodka   
2         17035  PERNOD RICARD USA             8068         Absolut 80 Proof   
3          3960  DIAGEO NORTH AMERICA INC      4261   Capt Morgan Spiced Rum   
4          3960  DIAGEO NORTH AMERICA INC      3545          Ketel One Vodka   

   PurchasePrice  ActualPrice Volume  TotalPurchaseQuantity  \
0          26.27        36.99   1750                 145080   
1          23.19        28.99   1750                 164038   
2          18.24        24.99   1750                 187407   
3          16.17        22.99   1750                 201682   
4          21.89        29.99   1750                 138109   

   TotalPurchaseDollars  TotalSalesQuantity  TotalSalesDollars  \
0            3811251.60            142049.0         5101919.51   
1            3804041.22            160247.0         4819073.49   
2            3418303.68            187140.0         4538120.60   
3            3261197.94            200412.0         4475972.88   
4            3023206.01            135838.0         4223107.62   

   TotalSalesPrice  TotalExciseTax  FreightCost  
0        672819.31       260999.20     68601.68  
1        561512.37       294438.66    144929.24  
2        461140.15       343854.07    123780.22  
3        420050.01       368242.80    257032.07  
4        545778.28       249587.83    257032.07  
2026-06-19 20:37:41,467 - INFO - Cleaning Data.........
2026-06-19 20:37:41,514 - INFO -    VendorNumber                VendorName  Brand              Description  \
0          1128         BROWN-FORMAN CORP   1233  Jack Daniels No 7 Black   
1          4425     MARTIGNETTI COMPANIES   3405    Tito's Handmade Vodka   
2         17035         PERNOD RICARD USA   8068         Absolut 80 Proof   
3          3960  DIAGEO NORTH AMERICA INC   4261   Capt Morgan Spiced Rum   
4          3960  DIAGEO NORTH AMERICA INC   3545          Ketel One Vodka   

   PurchasePrice  ActualPrice  Volume  TotalPurchaseQuantity  \
0          26.27        36.99  1750.0                 145080   
1          23.19        28.99  1750.0                 164038   
2          18.24        24.99  1750.0                 187407   
3          16.17        22.99  1750.0                 201682   
4          21.89        29.99  1750.0                 138109   

   TotalPurchaseDollars  TotalSalesQuantity  TotalSalesDollars  \
0            3811251.60            142049.0         5101919.51   
1            3804041.22            160247.0         4819073.49   
2            3418303.68            187140.0         4538120.60   
3            3261197.94            200412.0         4475972.88   
4            3023206.01            135838.0         4223107.62   

   TotalSalesPrice  TotalExciseTax  FreightCost  GrossProfit  ProfitMargin  \
0        672819.31       260999.20     68601.68   1290667.91     25.297693   
1        561512.37       294438.66    144929.24   1015032.27     21.062810   
2        461140.15       343854.07    123780.22   1119816.92     24.675786   
3        420050.01       368242.80    257032.07   1214774.94     27.139908   
4        545778.28       249587.83    257032.07   1199901.61     28.412764   

   StockTurnover  SalestoPurchaseRatio  
0       0.979108              1.338647  
1       0.976890              1.266830  
2       0.998575              1.327594  
3       0.993703              1.372493  
4       0.983556              1.396897  
2026-06-19 20:37:41,527 - INFO - Ingesting data.......
2026-06-19 20:37:41,709 - INFO - Completed
2026-06-19 20:41:57,704 - INFO - Creating Vendor Summary Table.........
2026-06-19 20:43:41,466 - INFO -    VendorNumber                   VendorName  Brand              Description  \
0          1128  BROWN-FORMAN CORP             1233  Jack Daniels No 7 Black   
1          4425        MARTIGNETTI COMPANIES   3405    Tito's Handmade Vodka   
2         17035  PERNOD RICARD USA             8068         Absolut 80 Proof   
3          3960  DIAGEO NORTH AMERICA INC      4261   Capt Morgan Spiced Rum   
4          3960  DIAGEO NORTH AMERICA INC      3545          Ketel One Vodka   

   PurchasePrice  ActualPrice Volume  TotalPurchaseQuantity  \
0          26.27        36.99   1750                 145080   
1          23.19        28.99   1750                 164038   
2          18.24        24.99   1750                 187407   
3          16.17        22.99   1750                 201682   
4          21.89        29.99   1750                 138109   

   TotalPurchaseDollars  TotalSalesQuantity  TotalSalesDollars  \
0            3811251.60            142049.0         5101919.51   
1            3804041.22            160247.0         4819073.49   
2            3418303.68            187140.0         4538120.60   
3            3261197.94            200412.0         4475972.88   
4            3023206.01            135838.0         4223107.62   

   TotalSalesPrice  TotalExciseTax  FreightCost  
0        672819.31       260999.20     68601.68  
1        561512.37       294438.66    144929.24  
2        461140.15       343854.07    123780.22  
3        420050.01       368242.80    257032.07  
4        545778.28       249587.83    257032.07  
2026-06-19 20:43:41,540 - INFO - Cleaning Data.........
2026-06-19 20:43:41,620 - INFO -    VendorNumber                VendorName  Brand              Description  \
0          1128         BROWN-FORMAN CORP   1233  Jack Daniels No 7 Black   
1          4425     MARTIGNETTI COMPANIES   3405    Tito's Handmade Vodka   
2         17035         PERNOD RICARD USA   8068         Absolut 80 Proof   
3          3960  DIAGEO NORTH AMERICA INC   4261   Capt Morgan Spiced Rum   
4          3960  DIAGEO NORTH AMERICA INC   3545          Ketel One Vodka   

   PurchasePrice  ActualPrice  Volume  TotalPurchaseQuantity  \
0          26.27        36.99  1750.0                 145080   
1          23.19        28.99  1750.0                 164038   
2          18.24        24.99  1750.0                 187407   
3          16.17        22.99  1750.0                 201682   
4          21.89        29.99  1750.0                 138109   

   TotalPurchaseDollars  TotalSalesQuantity  TotalSalesDollars  \
0            3811251.60            142049.0         5101919.51   
1            3804041.22            160247.0         4819073.49   
2            3418303.68            187140.0         4538120.60   
3            3261197.94            200412.0         4475972.88   
4            3023206.01            135838.0         4223107.62   

   TotalSalesPrice  TotalExciseTax  FreightCost  GrossProfit  ProfitMargin  \
0        672819.31       260999.20     68601.68   1290667.91     25.297693   
1        561512.37       294438.66    144929.24   1015032.27     21.062810   
2        461140.15       343854.07    123780.22   1119816.92     24.675786   
3        420050.01       368242.80    257032.07   1214774.94     27.139908   
4        545778.28       249587.83    257032.07   1199901.61     28.412764   

   StockTurnover  SalestoPurchaseRatio  
0       0.979108              1.338647  
1       0.976890              1.266830  
2       0.998575              1.327594  
3       0.993703              1.372493  
4       0.983556              1.396897  
2026-06-19 20:43:41,640 - INFO - Ingesting data.......
2026-06-19 20:43:41,758 - INFO - Completed
2026-06-20 00:12:27,331 - DEBUG - Using selector: SelectSelector
2026-06-20 00:12:27,314 - ERROR - No such comm target registered: jupyter.widget.control
2026-06-20 00:12:27,829 - WARNING - No such comm: 850befc1-af81-40c7-9509-9f9e20ce8b51
2026-06-20 00:12:27,875 - DEBUG - Current comms: []
